<?xml version="1.0" encoding="UTF-8"?>
<?xml-stylesheet type="text/xsl" href="junit.xsl"?>
<testsuites>
  <meta_test_info page_active="no-links" link_url=""/>
  <testsuite name="tests" tests="1" errors="1" failures="0" skip="0" pending="0" total="1" time="0.020357">
    <properties>
[...]
</properties>
    <testcase classname="spec/acceptance" name="default_spec.rb" time="0.016384">
      <failure type="error" message="cannot load such file -- spec_helper_acceptance"><![CDATA[/Users/nick/.rbenv/versions/1.9.3-p551/lib/ruby/1.9.1/rubygems/custom_require.rb:55:in `require'\n/Users/nick/.rbenv/versions/1.9.3-p551/lib/ruby/1.9.1/rubygems/custom_require.rb:55:in `require'\nspec/acceptance/default_spec.rb:1:in `block in run_test'\n/Users/nick/.rbenv/versions/1.9.3-p551/lib/ruby/gems/1.9.1/gems/beaker-2.37.0/lib/beaker/test_case.rb:128:in `eval'\n/Users/nick/.rbenv/versions/1.9.3-p551/lib/ruby/gems/1.9.1/gems/beaker-2.37.0/lib/beaker/test_case.rb:128:in `block in run_test'\n/Users/nick/.rbenv/versions/1.9.3-p551/lib/ruby/1.9.1/benchmark.rb:295:in `realtime'\n/Users/nick/.rbenv/versions/1.9.3-p551/lib/ruby/gems/1.9.1/gems/beaker-2.37.0/lib/beaker/test_case.rb:125:in `run_test'\n/Users/nick/.rbenv/versions/1.9.3-p551/lib/ruby/gems/1.9.1/gems/beaker-2.37.0/lib/beaker/test_suite.rb:311:in `block in run'\n/Users/nick/.rbenv/versions/1.9.3-p551/lib/ruby/gems/1.9.1/gems/beaker-2.37.0/lib/beaker/test_suite.rb:308:in `each'\n/Users/nick/.rbenv/versions/1.9.3-p551/lib/ruby/gems/1.9.1/gems/beaker-2.37.0/lib/beaker/test_suite.rb:308:in `run'\n/Users/nick/.rbenv/versions/1.9.3-p551/lib/ruby/gems/1.9.1/gems/beaker-2.37.0/lib/beaker/test_suite.rb:357:in `run_and_raise_on_failure'\n/Users/nick/.rbenv/versions/1.9.3-p551/lib/ruby/gems/1.9.1/gems/beaker-2.37.0/lib/beaker/cli.rb:157:in `run_suite'\n/Users/nick/.rbenv/versions/1.9.3-p551/lib/ruby/gems/1.9.1/gems/beaker-2.37.0/lib/beaker/cli.rb:99:in `execute!'\n/Users/nick/.rbenv/versions/1.9.3-p551/lib/ruby/gems/1.9.1/gems/beaker-2.37.0/bin/beaker:6:in `<top (required)>'\n/Users/nick/.rbenv/versions/1.9.3-p551/bin/beaker:23:in `load'\n/Users/nick/.rbenv/versions/1.9.3-p551/bin/beaker:23:in `<main>']]></failure>
      <system-out><![CDATA[LoadError: cannot load such file -- spec_helper_acceptance
/Users/nick/src/dcdev/puppet-telegraf/spec/acceptance/default_spec.rb:1
/Users/nick/.rbenv/versions/1.9.3-p551/lib/ruby/gems/1.9.1/gems/beaker-2.37.0/bin/beaker:6
Begin teardown
End teardown
]]></system-out>
    </testcase>
  </testsuite>
</testsuites>
